[32m[I 2022-10-15 14:45:41,385][0m Trial 502 finished with value: -205.01 and parameters: {'lr_b': 5, 'lr_e': -5, 'beta_b': 2, 'beta_e': -5, 'tmax': 2, 'activ': 1, 'hid': 3}. Best is trial 480 with value: 347.26.[0m
[32m[I 2022-10-15 15:02:56,884][0m Trial 503 finished with value: -125.49 and parameters: {'lr_b': 5, 'lr_e': -3, 'beta_b': 2, 'beta_e': -4, 'tmax': 1, 'activ': 1, 'hid': 3}. Best is trial 480 with value: 347.26.[0m
[32m[I 2022-10-15 16:33:14,932][0m Trial 504 finished with value: 146.07 and parameters: {'lr_b': 4, 'lr_e': -4, 'beta_b': 3, 'beta_e': -6, 'tmax': 2, 'activ': 1, 'hid': 3}. Best is trial 480 with value: 347.26.[0m
[32m[I 2022-10-15 17:37:52,091][0m Trial 505 finished with value: 175.31 and parameters: {'lr_b': 5, 'lr_e': -4, 'beta_b': 2, 'beta_e': -5, 'tmax': 2, 'activ': 1, 'hid': 3}. Best is trial 480 with value: 347.26.[0m
[32m[I 2022-10-15 17:52:41,031][0m Trial 506 finished with value: -119.77 and parameters: {'lr_b': 5, 'lr_e': -3, 'beta_b': 2, 'beta_e': -3, 'tmax': 2, 'activ': 1, 'hid': 3}. Best is trial 480 with value: 347.26.[0m
[32m[I 2022-10-15 18:12:52,270][0m Trial 507 finished with value: -210.28 and parameters: {'lr_b': 4, 'lr_e': -5, 'beta_b': 2, 'beta_e': -6, 'tmax': 3, 'activ': 1, 'hid': 3}. Best is trial 480 with value: 347.26.[0m
[32m[I 2022-10-15 18:50:47,605][0m Trial 508 finished with value: -185.55 and parameters: {'lr_b': 5, 'lr_e': -5, 'beta_b': 2, 'beta_e': -4, 'tmax': 1, 'activ': 1, 'hid': 3}. Best is trial 480 with value: 347.26.[0m
[32m[I 2022-10-15 19:14:46,936][0m Trial 509 finished with value: -223.0 and parameters: {'lr_b': 5, 'lr_e': -5, 'beta_b': 3, 'beta_e': -6, 'tmax': 2, 'activ': 1, 'hid': 2}. Best is trial 480 with value: 347.26.[0m
