[32m[I 2022-09-17 15:43:46,444][0m Trial 303 finished with value: -258.97 and parameters: {'lr_b': 5, 'lr_e': -5, 'beta_b': 3, 'beta_e': -6, 'tmax': 3, 'activ': 1, 'hid': 0}. Best is trial 54 with value: 232.56.[0m
[32m[I 2022-09-17 15:46:00,625][0m Trial 304 finished with value: -141.39 and parameters: {'lr_b': 5, 'lr_e': -3, 'beta_b': 4, 'beta_e': -5, 'tmax': 2, 'activ': 1, 'hid': 2}. Best is trial 54 with value: 232.56.[0m
